Using pre-set license
Built from '2020.3/staging' branch; Version is '2020.3.19f1 (68f137dc9bbe) revision 6877495'; Using compiler version '192528614'; Build Type 'Release'
OS: 'Windows 10 Education; OS build 19043.1237; Version 2009; 64bit' Language: 'en' Physical Memory: 14258 MB
BatchMode: 1, IsHumanControllingUs: 0, StartBugReporterOnCrash: 0, Is64bit: 1, IsPro: 0

COMMAND LINE ARGUMENTS:
D:\Program Files\Unity\Editors\2020.3.19f1\Editor\Unity.exe
-adb2
-batchMode
-noUpm
-name
AssetImportWorker0
-projectPath
D:/Projects/Unity/Runes to my Memory
-logFile
Logs/AssetImportWorker0.log
-srvPort
62853
Successfully changed project path to: D:/Projects/Unity/Runes to my Memory
D:/Projects/Unity/Runes to my Memory
Using Asset Import Pipeline V2.
Refreshing native plugins compatible for Editor in 42.68 ms, found 3 plugins.
Preloading 0 native plugins for Editor in 0.00 ms.
Initialize engine version: 2020.3.19f1 (68f137dc9bbe)
[Subsystems] Discovering subsystems at path D:/Program Files/Unity/Editors/2020.3.19f1/Editor/Data/Resources/UnitySubsystems
[Subsystems] Discovering subsystems at path D:/Projects/Unity/Runes to my Memory/Assets
GfxDevice: creating device client; threaded=0
Direct3D:
    Version:  Direct3D 11.0 [level 11.1]
    Renderer: Radeon RX 580 Series (ID=0x67df)
    Vendor:   
    VRAM:     4075 MB
    Driver:   27.20.22025.1006
Initialize mono
Mono path[0] = 'D:/Program Files/Unity/Editors/2020.3.19f1/Editor/Data/Managed'
Mono path[1] = 'D:/Program Files/Unity/Editors/2020.3.19f1/Editor/Data/MonoBleedingEdge/lib/mono/unityjit'
Mono config path = 'D:/Program Files/Unity/Editors/2020.3.19f1/Editor/Data/MonoBleedingEdge/etc'
Using monoOptions --debugger-agent=transport=dt_socket,embedding=1,server=y,suspend=n,address=127.0.0.1:56548
Begin MonoManager ReloadAssembly
Registering precompiled unity dll's ...
Register platform support module: D:/Program Files/Unity/Editors/2020.3.19f1/Editor/Data/PlaybackEngines/WindowsStandaloneSupport/UnityEditor.WindowsStandalone.Extensions.dll
Registered in 0.001480 seconds.
Native extension for WindowsStandalone target not found
Refreshing native plugins compatible for Editor in 42.46 ms, found 3 plugins.
Preloading 0 native plugins for Editor in 0.00 ms.
Mono: successfully reloaded assembly
- Completed reload, in  2.429 seconds
Domain Reload Profiling:
	ReloadAssembly (2430ms)
		BeginReloadAssembly (66ms)
			ExecutionOrderSort (0ms)
			DisableScriptedObjects (0ms)
			BackupInstance (0ms)
			ReleaseScriptingObjects (0ms)
			CreateAndSetChildDomain (1ms)
		EndReloadAssembly (446ms)
			LoadAssemblies (65ms)
			RebuildTransferFunctionScriptingTraits (0ms)
			SetupTypeCache (156ms)
			ReleaseScriptCaches (0ms)
			RebuildScriptCaches (31ms)
			SetupLoadedEditorAssemblies (185ms)
				LogAssemblyErrors (0ms)
				InitializePlatformSupportModulesInManaged (4ms)
				SetLoadedEditorAssemblies (0ms)
				RefreshPlugins (43ms)
				BeforeProcessingInitializeOnLoad (10ms)
				ProcessInitializeOnLoadAttributes (94ms)
				ProcessInitializeOnLoadMethodAttributes (33ms)
				AfterProcessingInitializeOnLoad (0ms)
				EditorAssembliesLoaded (0ms)
			ExecutionOrderSort2 (0ms)
			AwakeInstancesAfterBackupRestoration (0ms)
Platform modules already initialized, skipping
Registering precompiled user dll's ...
Registered in 0.004405 seconds.
Begin MonoManager ReloadAssembly
Native extension for WindowsStandalone target not found
Refreshing native plugins compatible for Editor in 46.46 ms, found 3 plugins.
Preloading 0 native plugins for Editor in 0.00 ms.
Mono: successfully reloaded assembly
- Completed reload, in  1.169 seconds
Domain Reload Profiling:
	ReloadAssembly (1170ms)
		BeginReloadAssembly (156ms)
			ExecutionOrderSort (0ms)
			DisableScriptedObjects (5ms)
			BackupInstance (0ms)
			ReleaseScriptingObjects (0ms)
			CreateAndSetChildDomain (21ms)
		EndReloadAssembly (950ms)
			LoadAssemblies (101ms)
			RebuildTransferFunctionScriptingTraits (0ms)
			SetupTypeCache (317ms)
			ReleaseScriptCaches (1ms)
			RebuildScriptCaches (49ms)
			SetupLoadedEditorAssemblies (352ms)
				LogAssemblyErrors (0ms)
				InitializePlatformSupportModulesInManaged (4ms)
				SetLoadedEditorAssemblies (0ms)
				RefreshPlugins (47ms)
				BeforeProcessingInitializeOnLoad (65ms)
				ProcessInitializeOnLoadAttributes (216ms)
				ProcessInitializeOnLoadMethodAttributes (18ms)
				AfterProcessingInitializeOnLoad (3ms)
				EditorAssembliesLoaded (0ms)
			ExecutionOrderSort2 (0ms)
			AwakeInstancesAfterBackupRestoration (9ms)
Platform modules already initialized, skipping
========================================================================
Worker process is ready to serve import requests
Launched and connected shader compiler UnityShaderCompiler.exe after 0.10 seconds
Refreshing native plugins compatible for Editor in 0.49 ms, found 3 plugins.
Preloading 0 native plugins for Editor in 0.00 ms.
Unloading 2091 Unused Serialized files (Serialized files now loaded: 0)
System memory in use before: 93.0 MB.
System memory in use after: 93.1 MB.

Unloading 26 unused Assets to reduce memory usage. Loaded Objects now: 2530.
Total: 3.417400 ms (FindLiveObjects: 0.277300 ms CreateObjectMapping: 0.062900 ms MarkObjects: 2.991900 ms  DeleteObjects: 0.083700 ms)

AssetImportParameters requested are different than current active one (requested -> active):
  custom:framework-win-MediaFoundation: 216162199b28c13a410421893ffa2e32 -> 
  custom:video-decoder-ogg-theora: a1e56fd34408186e4bbccfd4996cb3dc -> 
  custom:container-muxer-webm: aa71ff27fc2769a1b78a27578f13a17b -> 
  custom:container-demuxer-webm: 4f35f7cbe854078d1ac9338744f61a02 -> 
  custom:container-demuxer-ogg: 62fdf1f143b41e24485cea50d1cbac27 -> 
  custom:video-encoder-webm-vp8: eb34c28f22e8b96e1ab97ce403110664 -> 
  custom:video-decoder-webm-vp8: 9c59270c3fd7afecdb556c50c9e8de78 -> 
  custom:audio-decoder-ogg-vorbis: bf7c407c2cedff20999df2af8eb42d56 -> 
  custom:audio-encoder-webm-vorbis: bf7c407c2cedff20999df2af8eb42d56 -> 
========================================================================
Received Import Request.
  path: Assets
  artifactKey: Guid(00000000000000001000000000000000) Importer(815301076,1909f56bfc062723c751e8b465ee728b)
Start importing Assets using Guid(00000000000000001000000000000000) Importer(815301076,1909f56bfc062723c751e8b465ee728b)  -> (artifact id: '42d402b061de3733987d63b9cc3b64de') in 0.008432 seconds 
  Import took 0.031573 seconds .

========================================================================
Received Import Request.
  Time since last request: 4.103192 seconds.
  path: Assets/Ressources
  artifactKey: Guid(482f5fadf826ca543b599101b5928dcd) Importer(815301076,1909f56bfc062723c751e8b465ee728b)
Start importing Assets/Ressources using Guid(482f5fadf826ca543b599101b5928dcd) Importer(815301076,1909f56bfc062723c751e8b465ee728b)  -> (artifact id: '94ae307aec0601bc90a917b7913aa130') in 0.004981 seconds 
  Import took 0.008889 seconds .

========================================================================
Received Import Request.
  Time since last request: 5.491948 seconds.
  path: Assets/Resources
  artifactKey: Guid(482f5fadf826ca543b599101b5928dcd) Importer(815301076,1909f56bfc062723c751e8b465ee728b)
Start importing Assets/Resources using Guid(482f5fadf826ca543b599101b5928dcd) Importer(815301076,1909f56bfc062723c751e8b465ee728b)  -> (artifact id: '6e37d304052004fbe14b67356751ee5c') in 0.004832 seconds 
  Import took 0.008883 seconds .

========================================================================
Received Import Request.
  Time since last request: 6.908880 seconds.
  path: Assets/Resources/runeGrey_slabOutline_sheet.png
  artifactKey: Guid(58e68eba65fe7cb409d0e512c7e1f6b3) Importer(815301076,1909f56bfc062723c751e8b465ee728b)
Start importing Assets/Resources/runeGrey_slabOutline_sheet.png using Guid(58e68eba65fe7cb409d0e512c7e1f6b3) Importer(815301076,1909f56bfc062723c751e8b465ee728b)  -> (artifact id: 'db94deaafaa531486d6dd8986047a9fd') in 0.144297 seconds 
  Import took 0.148833 seconds .

========================================================================
Received Import Request.
  Time since last request: 163.992810 seconds.
  path: Assets/Resources/runeGrey_slabOutline_sheet.png
  artifactKey: Guid(58e68eba65fe7cb409d0e512c7e1f6b3) Importer(815301076,1909f56bfc062723c751e8b465ee728b)
Start importing Assets/Resources/runeGrey_slabOutline_sheet.png using Guid(58e68eba65fe7cb409d0e512c7e1f6b3) Importer(815301076,1909f56bfc062723c751e8b465ee728b)  -> (artifact id: '7e1bbe9a5c8fbddd3f08182a5a05a5c0') in 0.012185 seconds 
  Import took 0.017039 seconds .

========================================================================
Received Import Request.
  Time since last request: 86.570548 seconds.
  path: Assets/Resources/runeGrey_slabOutline_sheet.png
  artifactKey: Guid(58e68eba65fe7cb409d0e512c7e1f6b3) Importer(815301076,1909f56bfc062723c751e8b465ee728b)
Start importing Assets/Resources/runeGrey_slabOutline_sheet.png using Guid(58e68eba65fe7cb409d0e512c7e1f6b3) Importer(815301076,1909f56bfc062723c751e8b465ee728b)  -> (artifact id: '88c81fc511fbda50b1cae465e70491db') in 0.120748 seconds 
  Import took 0.133030 seconds .

========================================================================
Received Import Request.
  Time since last request: 13.589526 seconds.
  path: Assets/Resources/runeGrey_slabOutline_sheet.png
  artifactKey: Guid(58e68eba65fe7cb409d0e512c7e1f6b3) Importer(815301076,1909f56bfc062723c751e8b465ee728b)
Start importing Assets/Resources/runeGrey_slabOutline_sheet.png using Guid(58e68eba65fe7cb409d0e512c7e1f6b3) Importer(815301076,1909f56bfc062723c751e8b465ee728b)  -> (artifact id: '80b5bca56d63b71b8bb0079653a9b2bd') in 0.108591 seconds 
  Import took 0.112652 seconds .

========================================================================
Received Import Request.
  Time since last request: 10.414035 seconds.
  path: Assets/Resources/runeGrey_slabOutline_sheet.png
  artifactKey: Guid(58e68eba65fe7cb409d0e512c7e1f6b3) Importer(815301076,1909f56bfc062723c751e8b465ee728b)
Start importing Assets/Resources/runeGrey_slabOutline_sheet.png using Guid(58e68eba65fe7cb409d0e512c7e1f6b3) Importer(815301076,1909f56bfc062723c751e8b465ee728b)  -> (artifact id: '26ba7614c718cb1bbe253670e93e9e6a') in 0.105010 seconds 
  Import took 0.125182 seconds .

========================================================================
Received Import Request.
  Time since last request: 8.075472 seconds.
  path: Assets/Resources/runeGrey_slabOutline_sheet.png
  artifactKey: Guid(58e68eba65fe7cb409d0e512c7e1f6b3) Importer(815301076,1909f56bfc062723c751e8b465ee728b)
Start importing Assets/Resources/runeGrey_slabOutline_sheet.png using Guid(58e68eba65fe7cb409d0e512c7e1f6b3) Importer(815301076,1909f56bfc062723c751e8b465ee728b)  -> (artifact id: 'fdbab7647137f59194d9a8740ddde8e3') in 0.108488 seconds 
  Import took 0.117954 seconds .

========================================================================
Received Import Request.
  Time since last request: 158.024318 seconds.
  path: Assets/Resources/grey.png
  artifactKey: Guid(58e68eba65fe7cb409d0e512c7e1f6b3) Importer(815301076,1909f56bfc062723c751e8b465ee728b)
Start importing Assets/Resources/grey.png using Guid(58e68eba65fe7cb409d0e512c7e1f6b3) Importer(815301076,1909f56bfc062723c751e8b465ee728b)  -> (artifact id: 'a2db1063dd732a255a6d10c37935b280') in 0.128729 seconds 
  Import took 0.132815 seconds .

========================================================================
Received Import Request.
  Time since last request: 138.589619 seconds.
  path: Assets/Resources/grey.png
  artifactKey: Guid(58e68eba65fe7cb409d0e512c7e1f6b3) Importer(815301076,1909f56bfc062723c751e8b465ee728b)
Start importing Assets/Resources/grey.png using Guid(58e68eba65fe7cb409d0e512c7e1f6b3) Importer(815301076,1909f56bfc062723c751e8b465ee728b)  -> (artifact id: '047aba480e15a55dd498a1415e15aeef') in 0.118194 seconds 
  Import took 0.128545 seconds .

========================================================================
Received Import Request.
  Time since last request: 1250.977455 seconds.
  path: Assets/Resources/grey.png
  artifactKey: Guid(58e68eba65fe7cb409d0e512c7e1f6b3) Importer(815301076,1909f56bfc062723c751e8b465ee728b)
Start importing Assets/Resources/grey.png using Guid(58e68eba65fe7cb409d0e512c7e1f6b3) Importer(815301076,1909f56bfc062723c751e8b465ee728b)  -> (artifact id: 'ca64eb16306c0318df9f863b7600d62d') in 0.112106 seconds 
  Import took 0.116294 seconds .

AssetImportWorkerClient::OnTransportError - code=2 error=End of file
